[     506ms] [INFO] %cDownload the React DevTools for a better development experience: https://react.dev/link/react-devtools font-weight:bold @ webpack-internal:///(app-pages-browser)/./node_modules/next/dist/compiled/react-dom/cjs/react-dom-client.development.js:25630
[     729ms] [WARNING] THREE.PointerLockControls: getObject() has been deprecated. Use controls.object instead. @ webpack-internal:///(app-pages-browser)/./node_modules/three/examples/jsm/controls/PointerLockControls.js:69
[    1630ms] [ERROR] Failed to load resource: the server responded with a status of 404 () @ https://kh.google.com/rt/earth/BulkMetadata/pb=!1m2!1s2050!2u1008:0
[    1745ms] [WARNING] WebGL: INVALID_ENUM: texSubImage2D: invalid type @ webpack-internal:///(app-pages-browser)/./node_modules/three/build/three.module.js:10195
[    1746ms] [WARNING] WebGL: INVALID_ENUM: texSubImage2D: invalid type @ webpack-internal:///(app-pages-browser)/./node_modules/three/build/three.module.js:10195
[    1773ms] [ERROR] Failed to load resource: the server responded with a status of 404 () @ https://kh.google.com/rt/earth/BulkMetadata/pb=!1m2!1s2042!2u1008:0
[    1773ms] [ERROR] Failed to load resource: the server responded with a status of 404 () @ https://kh.google.com/rt/earth/BulkMetadata/pb=!1m2!1s2043!2u1008:0
[    1773ms] [WARNING] [.WebGL-0x36dc06c0c000] GL_INVALID_ENUM: glTexStorage2D: Invalid internal format 0x1908. @ http://localhost:3000/:0
[    1774ms] [WARNING] [.WebGL-0x36dc06c0c000] GL_INVALID_ENUM: glTexStorage2D: Invalid internal format 0x1908. @ http://localhost:3000/:0
[    1846ms] [ERROR] Failed to load resource: the server responded with a status of 404 () @ https://kh.google.com/rt/earth/BulkMetadata/pb=!1m2!1s205270616140!2u1008:0
[    1994ms] [ERROR] Failed to load resource: the server responded with a status of 404 () @ https://kh.google.com/rt/earth/BulkMetadata/pb=!1m2!1s205270616141!2u1008:0
[  148763ms] [LOG] [Fast Refresh] rebuilding @ webpack-internal:///(app-pages-browser)/./node_modules/next/dist/client/dev/hot-reloader/app/hot-reloader-app.js:196
[  149777ms] [WARNING] THREE.PointerLockControls: getObject() has been deprecated. Use controls.object instead. @ webpack-internal:///(app-pages-browser)/./node_modules/three/examples/jsm/controls/PointerLockControls.js:69
[  149781ms] [LOG] [Fast Refresh] done in 1015ms @ webpack-internal:///(app-pages-browser)/./node_modules/next/dist/client/dev/report-hmr-latency.js:13
[  150205ms] [ERROR] Failed to load resource: the server responded with a status of 404 () @ https://kh.google.com/rt/earth/BulkMetadata/pb=!1m2!1s2042!2u1008:0
[  150287ms] [WARNING] WebGL: INVALID_ENUM: texSubImage2D: invalid type @ webpack-internal:///(app-pages-browser)/./node_modules/three/build/three.module.js:10195
[  150287ms] [WARNING] WebGL: INVALID_ENUM: texSubImage2D: invalid type @ webpack-internal:///(app-pages-browser)/./node_modules/three/build/three.module.js:10195
[  150315ms] [WARNING] [.WebGL-0x36dc06c13200] GL_INVALID_ENUM: glTexStorage2D: Invalid internal format 0x1908. @ http://localhost:3000/:0
[  150317ms] [WARNING] [.WebGL-0x36dc06c13200] GL_INVALID_ENUM: glTexStorage2D: Invalid internal format 0x1908. @ http://localhost:3000/:0
[  150348ms] [ERROR] Failed to load resource: the server responded with a status of 404 () @ https://kh.google.com/rt/earth/BulkMetadata/pb=!1m2!1s2050!2u1008:0
[  150348ms] [ERROR] Failed to load resource: the server responded with a status of 404 () @ https://kh.google.com/rt/earth/BulkMetadata/pb=!1m2!1s2043!2u1008:0
[  150397ms] [ERROR] Failed to load resource: the server responded with a status of 404 () @ https://kh.google.com/rt/earth/BulkMetadata/pb=!1m2!1s205270616141!2u1008:0
[  150523ms] [ERROR] Failed to load resource: the server responded with a status of 404 () @ https://kh.google.com/rt/earth/BulkMetadata/pb=!1m2!1s205270616140!2u1008:0
[  200670ms] [LOG] [Fast Refresh] rebuilding @ webpack-internal:///(app-pages-browser)/./node_modules/next/dist/client/dev/hot-reloader/app/hot-reloader-app.js:196
[  202827ms] [LOG] [Fast Refresh] done in 2157ms @ webpack-internal:///(app-pages-browser)/./node_modules/next/dist/client/dev/report-hmr-latency.js:13
[  205475ms] [ERROR] Failed to load resource: the server responded with a status of 404 (Not Found) @ http://localhost:3000/_next/static/css/app/layout.css?v=1779366890563:0
[  208494ms] [WARNING] The resource http://localhost:3000/_next/static/css/app/layout.css?v=1779366890563 was preloaded using link preload but not used within a few seconds from the window's load event. Please make sure it has an appropriate `as` value and it is preloaded intentionally. @ http://localhost:3000/:0
[  208733ms] Event
[  281670ms] [LOG] [Fast Refresh] rebuilding @ webpack-internal:///(app-pages-browser)/./node_modules/next/dist/client/dev/hot-reloader/app/hot-reloader-app.js:196
[  282962ms] [LOG] [Fast Refresh] done in 1291ms @ webpack-internal:///(app-pages-browser)/./node_modules/next/dist/client/dev/report-hmr-latency.js:13
[  283034ms] [ERROR] Failed to load resource: the server responded with a status of 404 (Not Found) @ http://localhost:3000/_next/static/css/app/layout.css?v=1779366968816:0
[  283045ms] Event
[  283402ms] [ERROR] Failed to load resource: the server responded with a status of 404 () @ https://kh.google.com/rt/earth/BulkMetadata/pb=!1m2!1s2043!2u1008:0
[  283508ms] [WARNING] WebGL: INVALID_ENUM: texSubImage2D: invalid type @ webpack-internal:///(app-pages-browser)/./node_modules/three/build/three.module.js:10195
[  283509ms] [WARNING] WebGL: INVALID_ENUM: texSubImage2D: invalid type @ webpack-internal:///(app-pages-browser)/./node_modules/three/build/three.module.js:10195
[  283509ms] [WARNING] WebGL: INVALID_ENUM: texSubImage2D: invalid type @ webpack-internal:///(app-pages-browser)/./node_modules/three/build/three.module.js:10195
[  283532ms] [ERROR] Failed to load resource: the server responded with a status of 404 () @ https://kh.google.com/rt/earth/BulkMetadata/pb=!1m2!1s2050!2u1008:0
[  283533ms] [ERROR] Failed to load resource: the server responded with a status of 404 () @ https://kh.google.com/rt/earth/BulkMetadata/pb=!1m2!1s2042!2u1008:0
[  283534ms] [WARNING] [.WebGL-0x36dc000f5c00] GL_INVALID_ENUM: glTexStorage2D: Invalid internal format 0x1908. @ http://localhost:3000/:0
[  283534ms] [WARNING] [.WebGL-0x36dc000f5c00] GL_INVALID_ENUM: glTexStorage2D: Invalid internal format 0x1908. @ http://localhost:3000/:0
[  283534ms] [WARNING] [.WebGL-0x36dc000f5c00] GL_INVALID_ENUM: glTexStorage2D: Invalid internal format 0x1908. @ http://localhost:3000/:0
[  283750ms] [ERROR] Failed to load resource: the server responded with a status of 404 () @ https://kh.google.com/rt/earth/BulkMetadata/pb=!1m2!1s205270616140!2u1008:0
[  283750ms] [ERROR] Failed to load resource: the server responded with a status of 404 () @ https://kh.google.com/rt/earth/BulkMetadata/pb=!1m2!1s205270616141!2u1008:0
