[       6ms] TypeError: Cannot read properties of undefined (reading 'length')
    at GoogleEarthTilesRenderer.ensureChildrenArePreprocessed (webpack-internal:///(app-pages-browser)/./node_modules/3d-tiles-renderer/build/B3DMLoaderBase-BgDovEpg.js:675:11)
    at k (webpack-internal:///(app-pages-browser)/./node_modules/3d-tiles-renderer/build/B3DMLoaderBase-BgDovEpg.js:43:5)
    at W (webpack-internal:///(app-pages-browser)/./node_modules/3d-tiles-renderer/build/B3DMLoaderBase-BgDovEpg.js:76:7)
    at me (webpack-internal:///(app-pages-browser)/./node_modules/3d-tiles-renderer/build/B3DMLoaderBase-BgDovEpg.js:161:3)
    at GoogleEarthTilesRenderer.update (webpack-internal:///(app-pages-browser)/./node_modules/3d-tiles-renderer/build/B3DMLoaderBase-BgDovEpg.js:507:229)
    at GoogleEarthTilesRenderer.update (webpack-internal:///(app-pages-browser)/./node_modules/3d-tiles-renderer/build/CameraTransitionManager-CeclWXCS.js:736:15)
    at EarthCanvas.useEffect.animate (webpack-internal:///(app-pages-browser)/./components/earth/EarthCanvas.tsx:81:35)
[      23ms] TypeError: Cannot read properties of undefined (reading 'length')
    at GoogleEarthTilesRenderer.ensureChildrenArePreprocessed (webpack-internal:///(app-pages-browser)/./node_modules/3d-tiles-renderer/build/B3DMLoaderBase-BgDovEpg.js:675:11)
    at k (webpack-internal:///(app-pages-browser)/./node_modules/3d-tiles-renderer/build/B3DMLoaderBase-BgDovEpg.js:43:5)
    at W (webpack-internal:///(app-pages-browser)/./node_modules/3d-tiles-renderer/build/B3DMLoaderBase-BgDovEpg.js:76:7)
    at me (webpack-internal:///(app-pages-browser)/./node_modules/3d-tiles-renderer/build/B3DMLoaderBase-BgDovEpg.js:161:3)
    at GoogleEarthTilesRenderer.update (webpack-internal:///(app-pages-browser)/./node_modules/3d-tiles-renderer/build/B3DMLoaderBase-BgDovEpg.js:507:229)
    at GoogleEarthTilesRenderer.update (webpack-internal:///(app-pages-browser)/./node_modules/3d-tiles-renderer/build/CameraTransitionManager-CeclWXCS.js:736:15)
    at EarthCanvas.useEffect.animate (webpack-internal:///(app-pages-browser)/./components/earth/EarthCanvas.tsx:81:35)
[      39ms] TypeError: Cannot read properties of undefined (reading 'length')
    at GoogleEarthTilesRenderer.ensureChildrenArePreprocessed (webpack-internal:///(app-pages-browser)/./node_modules/3d-tiles-renderer/build/B3DMLoaderBase-BgDovEpg.js:675:11)
    at k (webpack-internal:///(app-pages-browser)/./node_modules/3d-tiles-renderer/build/B3DMLoaderBase-BgDovEpg.js:43:5)
    at W (webpack-internal:///(app-pages-browser)/./node_modules/3d-tiles-renderer/build/B3DMLoaderBase-BgDovEpg.js:76:7)
    at me (webpack-internal:///(app-pages-browser)/./node_modules/3d-tiles-renderer/build/B3DMLoaderBase-BgDovEpg.js:161:3)
    at GoogleEarthTilesRenderer.update (webpack-internal:///(app-pages-browser)/./node_modules/3d-tiles-renderer/build/B3DMLoaderBase-BgDovEpg.js:507:229)
    at GoogleEarthTilesRenderer.update (webpack-internal:///(app-pages-browser)/./node_modules/3d-tiles-renderer/build/CameraTransitionManager-CeclWXCS.js:736:15)
    at EarthCanvas.useEffect.animate (webpack-internal:///(app-pages-browser)/./components/earth/EarthCanvas.tsx:81:35)
[     507ms] [INFO] %cDownload the React DevTools for a better development experience: https://react.dev/link/react-devtools font-weight:bold @ webpack-internal:///(app-pages-browser)/./node_modules/next/dist/compiled/react-dom/cjs/react-dom-client.development.js:25630
[     698ms] [WARNING] TilesRenderer: The "errorThreshold" option has been deprecated. @ webpack-internal:///(app-pages-browser)/./node_modules/3d-tiles-renderer/build/B3DMLoaderBase-BgDovEpg.js:337
[  287149ms] [LOG] [Fast Refresh] rebuilding @ webpack-internal:///(app-pages-browser)/./node_modules/next/dist/client/dev/hot-reloader/app/hot-reloader-app.js:196
[  288054ms] [LOG] [Fast Refresh] done in 905ms @ webpack-internal:///(app-pages-browser)/./node_modules/next/dist/client/dev/report-hmr-latency.js:13
