[    2523ms] [LOG] [Fast Refresh] rebuilding @ webpack-internal:///(app-pages-browser)/./node_modules/next/dist/client/dev/hot-reloader/app/hot-reloader-app.js:196
[    3791ms] [LOG] [Fast Refresh] done in 1268ms @ webpack-internal:///(app-pages-browser)/./node_modules/next/dist/client/dev/report-hmr-latency.js:13
[    4750ms] [ERROR] Failed to load resource: the server responded with a status of 404 (Not Found) @ http://localhost:3000/_next/static/css/app/layout.css?v=1779369892681:0
[    4772ms] Event
[    5255ms] [ERROR] Failed to load resource: the server responded with a status of 500 (Internal Server Error) @ http://localhost:3000/?nocache=1:0
[    5924ms] [INFO] %cDownload the React DevTools for a better development experience: https://reactjs.org/link/react-devtools font-weight:bold @ webpack-internal:///(pages-dir-browser)/./node_modules/react-dom/cjs/react-dom.development.js:29889
[    6092ms] TypeError: __webpack_modules__[moduleId] is not a function
    at Object.__webpack_require__ [as require] (file:///media/stone/5A60FD5960FD3BF7/RockEarth/.next/server/webpack-runtime.js:25:42)
    at Object.require (file:///media/stone/5A60FD5960FD3BF7/RockEarth/node_modules/next/dist/compiled/next-server/app-page.runtime.dev.js:39:28568)
    at globalThis.__next_require__ (file:///media/stone/5A60FD5960FD3BF7/RockEarth/node_modules/next/dist/compiled/next-server/app-page.runtime.dev.js:39:29391)
    at requireModule (file:///media/stone/5A60FD5960FD3BF7/RockEarth/node_modules/next/dist/compiled/next-server/app-page.runtime.dev.js:2:318257)
    at initializeModuleChunk (file:///media/stone/5A60FD5960FD3BF7/RockEarth/node_modules/next/dist/compiled/next-server/app-page.runtime.dev.js:2:347653)
    at getOutlinedModel (file:///media/stone/5A60FD5960FD3BF7/RockEarth/node_modules/next/dist/compiled/next-server/app-page.runtime.dev.js:2:357412)
    at <unknown> (file:///media/stone/5A60FD5960FD3BF7/RockEarth/node_modules/next/dist/compiled/next-server/app-page.runtime.dev.js:2:365365)
    at ResponseInstance._fromJSON (file:///media/stone/5A60FD5960FD3BF7/RockEarth/node_modules/next/dist/compiled/next-server/app-page.runtime.dev.js:2:365456)
    at JSON.parse (<anonymous>)
    at initializeModelChunk (file:///media/stone/5A60FD5960FD3BF7/RockEarth/node_modules/next/dist/compiled/next-server/app-page.runtime.dev.js:2:347044)
    at resolveModelChunk (file:///media/stone/5A60FD5960FD3BF7/RockEarth/node_modules/next/dist/compiled/next-server/app-page.runtime.dev.js:2:345332)
    at processFullStringRow (file:///media/stone/5A60FD5960FD3BF7/RockEarth/node_modules/next/dist/compiled/next-server/app-page.runtime.dev.js:2:384476)
    at <unknown> (file:///media/stone/5A60FD5960FD3BF7/RockEarth/node_modules/next/dist/compiled/next-server/app-page.runtime.dev.js:2:386879)
    at processBinaryChunk (file:///media/stone/5A60FD5960FD3BF7/RockEarth/node_modules/next/dist/compiled/next-server/app-page.runtime.dev.js:2:386951)
    at progress (file:///media/stone/5A60FD5960FD3BF7/RockEarth/node_modules/next/dist/compiled/next-server/app-page.runtime.dev.js:2:388479)
[    6115ms] [LOG] [HMR] connected @ webpack-internal:///(pages-dir-browser)/./node_modules/next/dist/client/dev/hot-reloader/pages/websocket.js:45
[   42805ms] [ERROR] WebSocket connection to 'ws://localhost:3000/_next/webpack-hmr' failed: Error in connection establishment: net::ERR_CONNECTION_REFUSED @ webpack-internal:///(pages-dir-browser)/./node_modules/next/dist/client/dev/hot-reloader/pages/websocket.js:88
[   43806ms] [ERROR] WebSocket connection to 'ws://localhost:3000/_next/webpack-hmr' failed: Error in connection establishment: net::ERR_CONNECTION_REFUSED @ webpack-internal:///(pages-dir-browser)/./node_modules/next/dist/client/dev/hot-reloader/pages/websocket.js:88
[   47017ms] [LOG] [HMR] connected @ webpack-internal:///(pages-dir-browser)/./node_modules/next/dist/client/dev/hot-reloader/pages/websocket.js:45
[   47040ms] [ERROR] Failed to load resource: the server responded with a status of 404 (Not Found) @ http://localhost:3000/_next/static/webpack/df46308dbb761e95.webpack.hot-update.json:0
[   47041ms] [WARNING] [Fast Refresh] performing full reload because your application had an unrecoverable error @ webpack-internal:///(pages-dir-browser)/./node_modules/next/dist/client/dev/hot-reloader/pages/hot-reloader-pages.js:347
[   47365ms] [LOG] [Fast Refresh] rebuilding @ webpack-internal:///(pages-dir-browser)/./node_modules/next/dist/client/dev/hot-reloader/pages/hot-reloader-pages.js:206
[   48576ms] [ERROR] Failed to load resource: the server responded with a status of 404 (Not Found) @ http://localhost:3000/_next/static/webpack/df46308dbb761e95.webpack.hot-update.json:0
[   48576ms] [WARNING] [Fast Refresh] performing full reload because your application had an unrecoverable error @ webpack-internal:///(pages-dir-browser)/./node_modules/next/dist/client/dev/hot-reloader/pages/hot-reloader-pages.js:347
[   50474ms] [INFO] %cDownload the React DevTools for a better development experience: https://react.dev/link/react-devtools font-weight:bold @ webpack-internal:///(app-pages-browser)/./node_modules/next/dist/compiled/react-dom/cjs/react-dom-client.development.js:25630
[   50799ms] [WARNING] TilesRenderer: The "errorThreshold" option has been deprecated. @ webpack-internal:///(app-pages-browser)/./node_modules/3d-tiles-renderer/build/B3DMLoaderBase-BgDovEpg.js:337
[   51012ms] [LOG] [GoogleEarth] PlanetoidMetadata loaded, rootEpoch: 1008 root_node_metadata: {path_and_flags: 0, epoch: 1008, bulk_metadata_epoch: 1008, oriented_bounding_box: null, meters_per_texel: 0} @ webpack-internal:///(app-pages-browser)/./lib/earth3d/3dtiles/GoogleEarthTilesetPlugin.ts:40
