[   14556ms] [INFO] %cDownload the React DevTools for a better development experience: https://react.dev/link/react-devtools font-weight:bold @ webpack-internal:///(app-pages-browser)/./node_modules/next/dist/compiled/react-dom/cjs/react-dom-client.development.js:25630
[   14726ms] [WARNING] THREE.PointerLockControls: getObject() has been deprecated. Use controls.object instead. @ webpack-internal:///(app-pages-browser)/./node_modules/three/examples/jsm/controls/PointerLockControls.js:69
[   14741ms] [WARNING] [.WebGL-0x36dc06c0ea00]GL Driver Message (OpenGL, Performance, GL_CLOSE_PATH_NV, High): GPU stall due to ReadPixels @ http://localhost:3000/:0
[   14752ms] [WARNING] [.WebGL-0x36dc06c0ea00]GL Driver Message (OpenGL, Performance, GL_CLOSE_PATH_NV, High): GPU stall due to ReadPixels (this message will no longer repeat) @ http://localhost:3000/:0
[   15290ms] [ERROR] Failed to load resource: the server responded with a status of 404 () @ https://kh.google.com/rt/earth/BulkMetadata/pb=!1m2!1s2042!2u1008:0
[   15291ms] [ERROR] Failed to fetch bulk data for path=2042 epoch=1008: Error: Failed to fetch https://kh.google.com/rt/earth/BulkMetadata/pb=!1m2!1s2042!2u1008: 404 
    at GetURL (webpack-internal:///(app-pages-browser)/./lib/earth3d/utils/GetURL.ts:8:15)
    at async Resources.request_bulk_data (webpack-internal:///(app-pages-browser)/./lib/earth3d/controller/Resources.ts:42:28) @ webpack-internal:///(app-pages-browser)/./node_modules/next/dist/next-devtools/userspace/app/errors/intercept-console-error.js:56
[   15298ms] [ERROR] Failed to load resource: the server responded with a status of 404 () @ https://kh.google.com/rt/earth/BulkMetadata/pb=!1m2!1s2043!2u1008:0
[   15298ms] [ERROR] Failed to fetch bulk data for path=2043 epoch=1008: Error: Failed to fetch https://kh.google.com/rt/earth/BulkMetadata/pb=!1m2!1s2043!2u1008: 404 
    at GetURL (webpack-internal:///(app-pages-browser)/./lib/earth3d/utils/GetURL.ts:8:15)
    at async Resources.request_bulk_data (webpack-internal:///(app-pages-browser)/./lib/earth3d/controller/Resources.ts:42:28) @ webpack-internal:///(app-pages-browser)/./node_modules/next/dist/next-devtools/userspace/app/errors/intercept-console-error.js:56
[   15331ms] [ERROR] Failed to load resource: the server responded with a status of 404 () @ https://kh.google.com/rt/earth/BulkMetadata/pb=!1m2!1s2050!2u1008:0
[   15331ms] [ERROR] Failed to fetch bulk data for path=2050 epoch=1008: Error: Failed to fetch https://kh.google.com/rt/earth/BulkMetadata/pb=!1m2!1s2050!2u1008: 404 
    at GetURL (webpack-internal:///(app-pages-browser)/./lib/earth3d/utils/GetURL.ts:8:15)
    at async Resources.request_bulk_data (webpack-internal:///(app-pages-browser)/./lib/earth3d/controller/Resources.ts:42:28) @ webpack-internal:///(app-pages-browser)/./node_modules/next/dist/next-devtools/userspace/app/errors/intercept-console-error.js:56
[   15365ms] [WARNING] WebGL: INVALID_ENUM: texSubImage2D: invalid type @ webpack-internal:///(app-pages-browser)/./node_modules/three/build/three.module.js:10195
[   15365ms] [WARNING] WebGL: INVALID_ENUM: texSubImage2D: invalid type @ webpack-internal:///(app-pages-browser)/./node_modules/three/build/three.module.js:10195
[   15397ms] [WARNING] [.WebGL-0x36dc06c0ea00] GL_INVALID_ENUM: glTexStorage2D: Invalid internal format 0x1908. @ http://localhost:3000/:0
[   15397ms] [WARNING] [.WebGL-0x36dc06c0ea00] GL_INVALID_ENUM: glTexStorage2D: Invalid internal format 0x1908. @ http://localhost:3000/:0
[   15472ms] [ERROR] Failed to load resource: the server responded with a status of 404 () @ https://kh.google.com/rt/earth/BulkMetadata/pb=!1m2!1s205270616140!2u1008:0
[   15472ms] [ERROR] Failed to fetch bulk data for path=205270616140 epoch=1008: Error: Failed to fetch https://kh.google.com/rt/earth/BulkMetadata/pb=!1m2!1s205270616140!2u1008: 404 
    at GetURL (webpack-internal:///(app-pages-browser)/./lib/earth3d/utils/GetURL.ts:8:15)
    at async Resources.request_bulk_data (webpack-internal:///(app-pages-browser)/./lib/earth3d/controller/Resources.ts:42:28) @ webpack-internal:///(app-pages-browser)/./node_modules/next/dist/next-devtools/userspace/app/errors/intercept-console-error.js:56
[   15473ms] [ERROR] Failed to load resource: the server responded with a status of 404 () @ https://kh.google.com/rt/earth/BulkMetadata/pb=!1m2!1s205270616141!2u1008:0
[   15473ms] [ERROR] Failed to fetch bulk data for path=205270616141 epoch=1008: Error: Failed to fetch https://kh.google.com/rt/earth/BulkMetadata/pb=!1m2!1s205270616141!2u1008: 404 
    at GetURL (webpack-internal:///(app-pages-browser)/./lib/earth3d/utils/GetURL.ts:8:15)
    at async Resources.request_bulk_data (webpack-internal:///(app-pages-browser)/./lib/earth3d/controller/Resources.ts:42:28) @ webpack-internal:///(app-pages-browser)/./node_modules/next/dist/next-devtools/userspace/app/errors/intercept-console-error.js:56
