[    7817ms] [INFO] %cDownload the React DevTools for a better development experience: https://react.dev/link/react-devtools font-weight:bold @ webpack-internal:///(app-pages-browser)/./node_modules/next/dist/compiled/react-dom/cjs/react-dom-client.development.js:25630
[    7920ms] [ERROR] Failed to load resource: the server responded with a status of 404 (Not Found) @ http://localhost:3000/favicon.ico:0
[    8575ms] TypeError: Cannot read properties of undefined (reading 'ReactCurrentOwner')
    at $$$reconciler (webpack-internal:///(app-pages-browser)/./node_modules/react-reconciler/cjs/react-reconciler.development.js:498:46)
    at createRenderer (webpack-internal:///(app-pages-browser)/./node_modules/@react-three/fiber/dist/events-776716bd.esm.js:272:77)
    at eval (webpack-internal:///(app-pages-browser)/./node_modules/@react-three/fiber/dist/events-776716bd.esm.js:1779:5)
    at (app-pages-browser)/./node_modules/@react-three/fiber/dist/events-776716bd.esm.js (http://localhost:3000/_next/static/chunks/_app-pages-browser_components_earth_EarthCanvas_tsx.js:271:1)
    at options.factory (http://localhost:3000/_next/static/chunks/webpack.js?v=1779365690707:704:31)
    at __webpack_require__ (http://localhost:3000/_next/static/chunks/webpack.js?v=1779365690707:29:33)
    at fn (http://localhost:3000/_next/static/chunks/webpack.js?v=1779365690707:361:21)
    at eval (webpack-internal:///(app-pages-browser)/./node_modules/@react-three/fiber/dist/react-three-fiber.esm.js:35:81)
    at (app-pages-browser)/./node_modules/@react-three/fiber/dist/react-three-fiber.esm.js (http://localhost:3000/_next/static/chunks/_app-pages-browser_components_earth_EarthCanvas_tsx.js:282:1)
    at options.factory (http://localhost:3000/_next/static/chunks/webpack.js?v=1779365690707:704:31)
    at __webpack_require__ (http://localhost:3000/_next/static/chunks/webpack.js?v=1779365690707:29:33)
    at fn (http://localhost:3000/_next/static/chunks/webpack.js?v=1779365690707:361:21)
    at eval (webpack-internal:///(app-pages-browser)/./components/earth/EarthCanvas.tsx:8:76)
    at (app-pages-browser)/./components/earth/EarthCanvas.tsx (http://localhost:3000/_next/static/chunks/_app-pages-browser_components_earth_EarthCanvas_tsx.js:18:1)
    at options.factory (http://localhost:3000/_next/static/chunks/webpack.js?v=1779365690707:704:31)
    at __webpack_require__ (http://localhost:3000/_next/static/chunks/webpack.js?v=1779365690707:29:33)
    at fn (http://localhost:3000/_next/static/chunks/webpack.js?v=1779365690707:361:21)
[  127018ms] [LOG] [Fast Refresh] rebuilding @ webpack-internal:///(app-pages-browser)/./node_modules/next/dist/client/dev/hot-reloader/app/hot-reloader-app.js:196
[  128083ms] [INFO] %cDownload the React DevTools for a better development experience: https://react.dev/link/react-devtools font-weight:bold @ webpack-internal:///(app-pages-browser)/./node_modules/next/dist/compiled/react-dom/cjs/react-dom-client.development.js:25630
[  128461ms] [WARNING] [.WebGL-0x36dc000f3200]GL Driver Message (OpenGL, Performance, GL_CLOSE_PATH_NV, High): GPU stall due to ReadPixels @ http://localhost:3000/:0
[  128462ms] [WARNING] THREE.PointerLockControls: getObject() has been deprecated. Use controls.object instead. @ webpack-internal:///(app-pages-browser)/./node_modules/three/examples/jsm/controls/PointerLockControls.js:69
[  128462ms] [WARNING] THREE.PointerLockControls: getObject() has been deprecated. Use controls.object instead. @ webpack-internal:///(app-pages-browser)/./node_modules/three/examples/jsm/controls/PointerLockControls.js:69
[  129975ms] [ERROR] Failed to load resource: the server responded with a status of 404 () @ https://kh.google.com/rt/earth/BulkMetadata/pb=!1m2!1s2050!2u1008:0
[  129976ms] [ERROR] Failed to fetch bulk data for path=2050 epoch=1008: Error: Failed to fetch https://kh.google.com/rt/earth/BulkMetadata/pb=!1m2!1s2050!2u1008: 404 
    at GetURL (webpack-internal:///(app-pages-browser)/./lib/earth3d/utils/GetURL.ts:8:15)
    at async Resources.request_bulk_data (webpack-internal:///(app-pages-browser)/./lib/earth3d/controller/Resources.ts:42:28) @ webpack-internal:///(app-pages-browser)/./node_modules/next/dist/next-devtools/userspace/app/errors/intercept-console-error.js:56
[  129981ms] [ERROR] Failed to load resource: the server responded with a status of 404 () @ https://kh.google.com/rt/earth/BulkMetadata/pb=!1m2!1s2042!2u1008:0
[  129981ms] [ERROR] Failed to fetch bulk data for path=2042 epoch=1008: Error: Failed to fetch https://kh.google.com/rt/earth/BulkMetadata/pb=!1m2!1s2042!2u1008: 404 
    at GetURL (webpack-internal:///(app-pages-browser)/./lib/earth3d/utils/GetURL.ts:8:15)
    at async Resources.request_bulk_data (webpack-internal:///(app-pages-browser)/./lib/earth3d/controller/Resources.ts:42:28) @ webpack-internal:///(app-pages-browser)/./node_modules/next/dist/next-devtools/userspace/app/errors/intercept-console-error.js:56
[  129988ms] [ERROR] Failed to load resource: the server responded with a status of 404 () @ https://kh.google.com/rt/earth/BulkMetadata/pb=!1m2!1s2043!2u1008:0
[  129989ms] [ERROR] Failed to fetch bulk data for path=2043 epoch=1008: Error: Failed to fetch https://kh.google.com/rt/earth/BulkMetadata/pb=!1m2!1s2043!2u1008: 404 
    at GetURL (webpack-internal:///(app-pages-browser)/./lib/earth3d/utils/GetURL.ts:8:15)
    at async Resources.request_bulk_data (webpack-internal:///(app-pages-browser)/./lib/earth3d/controller/Resources.ts:42:28) @ webpack-internal:///(app-pages-browser)/./node_modules/next/dist/next-devtools/userspace/app/errors/intercept-console-error.js:56
[  130489ms] [ERROR] Failed to load resource: the server responded with a status of 404 () @ https://kh.google.com/rt/earth/BulkMetadata/pb=!1m2!1s205270616140!2u1008:0
[  130490ms] [ERROR] Failed to fetch bulk data for path=205270616140 epoch=1008: Error: Failed to fetch https://kh.google.com/rt/earth/BulkMetadata/pb=!1m2!1s205270616140!2u1008: 404 
    at GetURL (webpack-internal:///(app-pages-browser)/./lib/earth3d/utils/GetURL.ts:8:15)
    at async Resources.request_bulk_data (webpack-internal:///(app-pages-browser)/./lib/earth3d/controller/Resources.ts:42:28) @ webpack-internal:///(app-pages-browser)/./node_modules/next/dist/next-devtools/userspace/app/errors/intercept-console-error.js:56
[  130516ms] [ERROR] Failed to load resource: the server responded with a status of 404 () @ https://kh.google.com/rt/earth/BulkMetadata/pb=!1m2!1s205270616141!2u1008:0
[  130517ms] [ERROR] Failed to fetch bulk data for path=205270616141 epoch=1008: Error: Failed to fetch https://kh.google.com/rt/earth/BulkMetadata/pb=!1m2!1s205270616141!2u1008: 404 
    at GetURL (webpack-internal:///(app-pages-browser)/./lib/earth3d/utils/GetURL.ts:8:15)
    at async Resources.request_bulk_data (webpack-internal:///(app-pages-browser)/./lib/earth3d/controller/Resources.ts:42:28) @ webpack-internal:///(app-pages-browser)/./node_modules/next/dist/next-devtools/userspace/app/errors/intercept-console-error.js:56
[  130547ms] [WARNING] WebGL: INVALID_ENUM: texSubImage2D: invalid type @ webpack-internal:///(app-pages-browser)/./node_modules/three/build/three.module.js:10195
[  130557ms] [WARNING] WebGL: INVALID_ENUM: texSubImage2D: invalid type @ webpack-internal:///(app-pages-browser)/./node_modules/three/build/three.module.js:10195
[  130558ms] [WARNING] [.WebGL-0x36dc000f5600] GL_INVALID_ENUM: glTexStorage2D: Invalid internal format 0x1908. @ http://localhost:3000/:0
[  130571ms] [WARNING] [.WebGL-0x36dc000f5600] GL_INVALID_ENUM: glTexStorage2D: Invalid internal format 0x1908. @ http://localhost:3000/:0
[  133218ms] [LOG] [Fast Refresh] rebuilding @ webpack-internal:///(app-pages-browser)/./node_modules/next/dist/client/dev/hot-reloader/app/hot-reloader-app.js:196
[  134713ms] [WARNING] WARNING: Multiple instances of Three.js being imported. @ webpack-internal:///(app-pages-browser)/./node_modules/three/build/three.core.js:23207
[  134831ms] [WARNING] THREE.PointerLockControls: getObject() has been deprecated. Use controls.object instead. @ webpack-internal:///(app-pages-browser)/./node_modules/three/examples/jsm/controls/PointerLockControls.js:69
[  134832ms] [WARNING] THREE.PointerLockControls: getObject() has been deprecated. Use controls.object instead. @ webpack-internal:///(app-pages-browser)/./node_modules/three/examples/jsm/controls/PointerLockControls.js:69
[  134832ms] [LOG] [Fast Refresh] done in 1614ms @ webpack-internal:///(app-pages-browser)/./node_modules/next/dist/client/dev/report-hmr-latency.js:13
[  137181ms] [WARNING] [.WebGL-0x36dc06c11a00]GL Driver Message (OpenGL, Performance, GL_CLOSE_PATH_NV, High): GPU stall due to ReadPixels @ http://localhost:3000/:0
[  137393ms] [WARNING] WebGL: INVALID_ENUM: texSubImage2D: invalid type @ webpack-internal:///(app-pages-browser)/./node_modules/three/build/three.module.js:10195
[  137406ms] [WARNING] WebGL: INVALID_ENUM: texSubImage2D: invalid type @ webpack-internal:///(app-pages-browser)/./node_modules/three/build/three.module.js:10195
[  137407ms] [WARNING] [.WebGL-0x36dc09509200] GL_INVALID_ENUM: glTexStorage2D: Invalid internal format 0x1908. @ http://localhost:3000/:0
[  137413ms] [WARNING] [.WebGL-0x36dc09509200] GL_INVALID_ENUM: glTexStorage2D: Invalid internal format 0x1908. @ http://localhost:3000/:0
[  137414ms] [ERROR] Failed to load resource: the server responded with a status of 404 () @ https://kh.google.com/rt/earth/BulkMetadata/pb=!1m2!1s2050!2u1008:0
[  137415ms] [ERROR] Failed to fetch bulk data for path=2050 epoch=1008: Error: Failed to fetch https://kh.google.com/rt/earth/BulkMetadata/pb=!1m2!1s2050!2u1008: 404 
    at GetURL (webpack-internal:///(app-pages-browser)/./lib/earth3d/utils/GetURL.ts:8:15)
    at async Resources.request_bulk_data (webpack-internal:///(app-pages-browser)/./lib/earth3d/controller/Resources.ts:42:28) @ webpack-internal:///(app-pages-browser)/./node_modules/next/dist/next-devtools/userspace/app/errors/intercept-console-error.js:56
[  137415ms] [ERROR] Failed to load resource: the server responded with a status of 404 () @ https://kh.google.com/rt/earth/BulkMetadata/pb=!1m2!1s2042!2u1008:0
[  137415ms] [ERROR] Failed to fetch bulk data for path=2042 epoch=1008: Error: Failed to fetch https://kh.google.com/rt/earth/BulkMetadata/pb=!1m2!1s2042!2u1008: 404 
    at GetURL (webpack-internal:///(app-pages-browser)/./lib/earth3d/utils/GetURL.ts:8:15)
    at async Resources.request_bulk_data (webpack-internal:///(app-pages-browser)/./lib/earth3d/controller/Resources.ts:42:28) @ webpack-internal:///(app-pages-browser)/./node_modules/next/dist/next-devtools/userspace/app/errors/intercept-console-error.js:56
[  137438ms] [ERROR] Failed to load resource: the server responded with a status of 404 () @ https://kh.google.com/rt/earth/BulkMetadata/pb=!1m2!1s2043!2u1008:0
[  137438ms] [ERROR] Failed to fetch bulk data for path=2043 epoch=1008: Error: Failed to fetch https://kh.google.com/rt/earth/BulkMetadata/pb=!1m2!1s2043!2u1008: 404 
    at GetURL (webpack-internal:///(app-pages-browser)/./lib/earth3d/utils/GetURL.ts:8:15)
    at async Resources.request_bulk_data (webpack-internal:///(app-pages-browser)/./lib/earth3d/controller/Resources.ts:42:28) @ webpack-internal:///(app-pages-browser)/./node_modules/next/dist/next-devtools/userspace/app/errors/intercept-console-error.js:56
[  137529ms] [ERROR] Failed to load resource: the server responded with a status of 404 () @ https://kh.google.com/rt/earth/BulkMetadata/pb=!1m2!1s205270616140!2u1008:0
[  137530ms] [ERROR] Failed to fetch bulk data for path=205270616140 epoch=1008: Error: Failed to fetch https://kh.google.com/rt/earth/BulkMetadata/pb=!1m2!1s205270616140!2u1008: 404 
    at GetURL (webpack-internal:///(app-pages-browser)/./lib/earth3d/utils/GetURL.ts:8:15)
    at async Resources.request_bulk_data (webpack-internal:///(app-pages-browser)/./lib/earth3d/controller/Resources.ts:42:28) @ webpack-internal:///(app-pages-browser)/./node_modules/next/dist/next-devtools/userspace/app/errors/intercept-console-error.js:56
[  137532ms] [ERROR] Failed to load resource: the server responded with a status of 404 () @ https://kh.google.com/rt/earth/BulkMetadata/pb=!1m2!1s205270616141!2u1008:0
[  137533ms] [ERROR] Failed to fetch bulk data for path=205270616141 epoch=1008: Error: Failed to fetch https://kh.google.com/rt/earth/BulkMetadata/pb=!1m2!1s205270616141!2u1008: 404 
    at GetURL (webpack-internal:///(app-pages-browser)/./lib/earth3d/utils/GetURL.ts:8:15)
    at async Resources.request_bulk_data (webpack-internal:///(app-pages-browser)/./lib/earth3d/controller/Resources.ts:42:28) @ webpack-internal:///(app-pages-browser)/./node_modules/next/dist/next-devtools/userspace/app/errors/intercept-console-error.js:56
[  142338ms] [LOG] [Fast Refresh] rebuilding @ webpack-internal:///(app-pages-browser)/./node_modules/next/dist/client/dev/hot-reloader/app/hot-reloader-app.js:196
[  142416ms] [LOG] [Fast Refresh] done in 78ms @ webpack-internal:///(app-pages-browser)/./node_modules/next/dist/client/dev/report-hmr-latency.js:13
[  188638ms] [LOG] [Fast Refresh] rebuilding @ webpack-internal:///(app-pages-browser)/./node_modules/next/dist/client/dev/hot-reloader/app/hot-reloader-app.js:196
[  188743ms] [LOG] [Fast Refresh] done in 105ms @ webpack-internal:///(app-pages-browser)/./node_modules/next/dist/client/dev/report-hmr-latency.js:13
